# JRE version: Java(TM) SE Runtime Environment (8.0_131-b11) (build 1.8.0_131-b11)
# Java VM: Java HotSpot(TM) 64-Bit Server VM (25.131-b11 mixed mode windows-amd64 compressed oops)
Heap:
 PSYoungGen      total 56832K, used 34467K [0x0000000780900000, 0x0000000786c00000, 0x00000007c0000000)
  eden space 48640K, 65% used [0x0000000780900000,0x00000007827e38a0,0x0000000783880000)
  from space 8192K, 34% used [0x0000000784100000,0x00000007843c5410,0x0000000784900000)
  to   space 8704K, 0% used [0x0000000783880000,0x0000000783880000,0x0000000784100000)
 ParOldGen       total 73216K, used 6620K [0x0000000701a00000, 0x0000000706180000, 0x0000000780900000)
  object space 73216K, 9% used [0x0000000701a00000,0x0000000702077198,0x0000000706180000)
 Metaspace       used 26066K, capacity 26936K, committed 27056K, reserved 1073152K
  class space    used 3285K, capacity 3470K, committed 3504K, reserved 1048576K
GC Heap History (10 events):
Event: 4.373 GC heap before
{Heap before GC invocations=3 (full 0):
 PSYoungGen      total 57344K, used 55702K [0x0000000780900000, 0x0000000784900000, 0x00000007c0000000)
  eden space 49152K, 100% used [0x0000000780900000,0x0000000783900000,0x0000000783900000)
  from space 8192K, 79% used [0x0000000784100000,0x0000000784765a30,0x0000000784900000)
  to   space 8192K, 0% used [0x0000000783900000,0x0000000783900000,0x0000000784100000)
 ParOldGen       total 131072K, used 16K [0x0000000701a00000, 0x0000000709a00000, 0x0000000780900000)
  object space 131072K, 0% used [0x0000000701a00000,0x0000000701a04000,0x0000000709a00000)
 Metaspace       used 18740K, capacity 19388K, committed 19584K, reserved 1067008K
  class space    used 2458K, capacity 2616K, committed 2688K, reserved 1048576K
Event: 4.385 GC heap after
Heap after GC invocations=3 (full 0):
 PSYoungGen      total 57344K, used 7469K [0x0000000780900000, 0x0000000784900000, 0x00000007c0000000)
  eden space 49152K, 0% used [0x0000000780900000,0x0000000780900000,0x0000000783900000)
  from space 8192K, 91% used [0x0000000783900000,0x000000078404b618,0x0000000784100000)
  to   space 8192K, 0% used [0x0000000784100000,0x0000000784100000,0x0000000784900000)
 ParOldGen       total 131072K, used 24K [0x0000000701a00000, 0x0000000709a00000, 0x0000000780900000)
  object space 131072K, 0% used [0x0000000701a00000,0x0000000701a06000,0x0000000709a00000)
 Metaspace       used 18740K, capacity 19388K, committed 19584K, reserved 1067008K
  class space    used 2458K, capacity 2616K, committed 2688K, reserved 1048576K
}
Event: 4.572 GC heap before
{Heap before GC invocations=4 (full 0):
 PSYoungGen      total 57344K, used 23930K [0x0000000780900000, 0x0000000784900000, 0x00000007c0000000)
  eden space 49152K, 33% used [0x0000000780900000,0x00000007819132a8,0x0000000783900000)
  from space 8192K, 91% used [0x0000000783900000,0x000000078404b618,0x0000000784100000)
  to   space 8192K, 0% used [0x0000000784100000,0x0000000784100000,0x0000000784900000)
 ParOldGen       total 131072K, used 24K [0x0000000701a00000, 0x0000000709a00000, 0x0000000780900000)
  object space 131072K, 0% used [0x0000000701a00000,0x0000000701a06000,0x0000000709a00000)
 Metaspace       used 20623K, capacity 21250K, committed 21296K, reserved 1067008K
  class space    used 2658K, capacity 2823K, committed 2864K, reserved 1048576K
Event: 4.580 GC heap after
Heap after GC invocations=4 (full 0):
 PSYoungGen      total 57344K, used 6753K [0x0000000780900000, 0x0000000784900000, 0x00000007c0000000)
  eden space 49152K, 0% used [0x0000000780900000,0x0000000780900000,0x0000000783900000)
  from space 8192K, 82% used [0x0000000784100000,0x00000007847984a0,0x0000000784900000)
  to   space 8192K, 0% used [0x0000000783900000,0x0000000783900000,0x0000000784100000)
 ParOldGen       total 131072K, used 32K [0x0000000701a00000, 0x0000000709a00000, 0x0000000780900000)
  object space 131072K, 0% used [0x0000000701a00000,0x0000000701a08000,0x0000000709a00000)
 Metaspace       used 20623K, capacity 21250K, committed 21296K, reserved 1067008K
  class space    used 2658K, capacity 2823K, committed 2864K, reserved 1048576K
}
Event: 4.580 GC heap before
{Heap before GC invocations=5 (full 1):
 PSYoungGen      total 57344K, used 6753K [0x0000000780900000, 0x0000000784900000, 0x00000007c0000000)
  eden space 49152K, 0% used [0x0000000780900000,0x0000000780900000,0x0000000783900000)
  from space 8192K, 82% used [0x0000000784100000,0x00000007847984a0,0x0000000784900000)
  to   space 8192K, 0% used [0x0000000783900000,0x0000000783900000,0x0000000784100000)
 ParOldGen       total 131072K, used 32K [0x0000000701a00000, 0x0000000709a00000, 0x0000000780900000)
  object space 131072K, 0% used [0x0000000701a00000,0x0000000701a08000,0x0000000709a00000)
 Metaspace       used 20623K, capacity 21250K, committed 21296K, reserved 1067008K
  class space    used 2658K, capacity 2823K, committed 2864K, reserved 1048576K
Event: 4.620 GC heap after
Heap after GC invocations=5 (full 1):
 PSYoungGen      total 57344K, used 0K [0x0000000780900000, 0x0000000784900000, 0x00000007c0000000)
  eden space 49152K, 0% used [0x0000000780900000,0x0000000780900000,0x0000000783900000)
  from space 8192K, 0% used [0x0000000784100000,0x0000000784100000,0x0000000784900000)
  to   space 8192K, 0% used [0x0000000783900000,0x0000000783900000,0x0000000784100000)
 ParOldGen       total 73216K, used 6540K [0x0000000701a00000, 0x0000000706180000, 0x0000000780900000)
  object space 73216K, 8% used [0x0000000701a00000,0x0000000702063188,0x0000000706180000)
 Metaspace       used 20623K, capacity 21250K, committed 21296K, reserved 1067008K
  class space    used 2658K, capacity 2823K, committed 2864K, reserved 1048576K
}
Event: 5.373 GC heap before
{Heap before GC invocations=6 (full 1):
 PSYoungGen      total 57344K, used 49152K [0x0000000780900000, 0x0000000784900000, 0x00000007c0000000)
  eden space 49152K, 100% used [0x0000000780900000,0x0000000783900000,0x0000000783900000)
  from space 8192K, 0% used [0x0000000784100000,0x0000000784100000,0x0000000784900000)
  to   space 8192K, 0% used [0x0000000783900000,0x0000000783900000,0x0000000784100000)
 ParOldGen       total 73216K, used 6540K [0x0000000701a00000, 0x0000000706180000, 0x0000000780900000)
  object space 73216K, 8% used [0x0000000701a00000,0x0000000702063188,0x0000000706180000)
 Metaspace       used 24811K, capacity 25536K, committed 25648K, reserved 1071104K
  class space    used 3180K, capacity 3344K, committed 3376K, reserved 1048576K
Event: 5.399 GC heap after
Heap after GC invocations=6 (full 1):
 PSYoungGen      total 57344K, used 5236K [0x0000000780900000, 0x0000000784900000, 0x00000007c0000000)
  eden space 49152K, 0% used [0x0000000780900000,0x0000000780900000,0x0000000783900000)
  from space 8192K, 63% used [0x0000000783900000,0x0000000783e1d1f8,0x0000000784100000)
  to   space 8192K, 0% used [0x0000000784100000,0x0000000784100000,0x0000000784900000)
 ParOldGen       total 73216K, used 6612K [0x0000000701a00000, 0x0000000706180000, 0x0000000780900000)
  object space 73216K, 9% used [0x0000000701a00000,0x0000000702075198,0x0000000706180000)
 Metaspace       used 24811K, capacity 25536K, committed 25648K, reserved 1071104K
  class space    used 3180K, capacity 3344K, committed 3376K, reserved 1048576K
}
Event: 6.118 GC heap before
{Heap before GC invocations=7 (full 1):
 PSYoungGen      total 57344K, used 54388K [0x0000000780900000, 0x0000000784900000, 0x00000007c0000000)
  eden space 49152K, 100% used [0x0000000780900000,0x0000000783900000,0x0000000783900000)
  from space 8192K, 63% used [0x0000000783900000,0x0000000783e1d1f8,0x0000000784100000)
  to   space 8192K, 0% used [0x0000000784100000,0x0000000784100000,0x0000000784900000)
 ParOldGen       total 73216K, used 6612K [0x0000000701a00000, 0x0000000706180000, 0x0000000780900000)
  object space 73216K, 9% used [0x0000000701a00000,0x0000000702075198,0x0000000706180000)
 Metaspace       used 25905K, capacity 26692K, committed 26800K, reserved 1073152K
  class space    used 3264K, capacity 3430K, committed 3504K, reserved 1048576K
Event: 6.134 GC heap after
Heap after GC invocations=7 (full 1):
 PSYoungGen      total 56832K, used 2837K [0x0000000780900000, 0x0000000786c00000, 0x00000007c0000000)
  eden space 48640K, 0% used [0x0000000780900000,0x0000000780900000,0x0000000783880000)
  from space 8192K, 34% used [0x0000000784100000,0x00000007843c5410,0x0000000784900000)
  to   space 8704K, 0% used [0x0000000783880000,0x0000000783880000,0x0000000784100000)
 ParOldGen       total 73216K, used 6620K [0x0000000701a00000, 0x0000000706180000, 0x0000000780900000)
  object space 73216K, 9% used [0x0000000701a00000,0x0000000702077198,0x0000000706180000)
 Metaspace       used 25905K, capacity 26692K, committed 26800K, reserved 1073152K
  class space    used 3264K, capacity 3430K, committed 3504K, reserved 1048576K
}

